Info: Starting: Create block symbol file (.bsf)
Info: qsys-generate C:\Users\npfiz\Desktop\ta337\fpga\spring_2015\demo_master_slave\amm_master_qsys_with_pcie.qsys --block-symbol-file --output-directory=C:\Users\npfiz\Desktop\ta337\fpga\spring_2015\demo_master_slave\amm_master_qsys_with_pcie --family="Cyclone IV GX" --part=EP4CGX150DF31C7
Progress: Loading demo_master_slave/amm_master_qsys_with_pcie.qsys
Progress: Reading input file
Progress: Adding altpll_qsys [altpll 15.1]
Progress: Parameterizing module altpll_qsys
Progress: Adding clk_50 [clock_source 15.1]
Progress: Parameterizing module clk_50
Progress: Adding custom_module [custom_module 1.0]
Progress: Parameterizing module custom_module
Progress: Adding pcie_ip [altera_pcie_hard_ip 15.1]
Progress: Parameterizing module pcie_ip
Progress: Adding sdram [altera_avalon_new_sdram_controller 15.1]
Progress: Parameterizing module sdram
Progress: Adding sgdma [altera_avalon_sgdma 15.1]
Progress: Parameterizing module sgdma
Progress: Adding video_dual_clock_buffer_0 [altera_up_avalon_video_dual_clock_buffer 15.1]
Progress: Parameterizing module video_dual_clock_buffer_0
Progress: Adding video_pixel_buffer_dma_0 [altera_up_avalon_video_pixel_buffer_dma 15.1]
Progress: Parameterizing module video_pixel_buffer_dma_0
Progress: Adding video_rgb_resampler_0 [altera_up_avalon_video_rgb_resampler 15.1]
Progress: Parameterizing module video_rgb_resampler_0
Progress: Adding video_vga_controller_0 [altera_up_avalon_video_vga_controller 15.1]
Progress: Parameterizing module video_vga_controller_0
Progress: Building connections
Progress: Parameterizing connections
Progress: Validating
Progress: Done reading input file
Warning: amm_master_qsys_with_pcie.amm_master_qsys_with_pcie: Module dependency loop involving: "pcie_ip" (altera_pcie_hard_ip 15.1)
Info: amm_master_qsys_with_pcie.pcie_ip:  Rx Master BAR 1_0 mapped to 7 -bit Avalon-MM address
Info: amm_master_qsys_with_pcie.pcie_ip:  Rx Master BAR 2 mapped to 15 -bit Avalon-MM address
Warning: amm_master_qsys_with_pcie.pcie_ip.pcie_ip: Module dependency loop involving: "pcie_internal_hip" (altera_pcie_internal_hard_ip_qsys 15.1)
Warning: amm_master_qsys_with_pcie.pcie_ip.pcie_ip: Module dependency loop involving: "avalon_clk" (altera_clock_bridge 15.1), "pcie_internal_hip" (altera_pcie_internal_hard_ip_qsys 15.1)
Info: amm_master_qsys_with_pcie.pcie_ip.pcie_internal_hip:  Txs Address width is 31
Info: amm_master_qsys_with_pcie.pcie_ip.pcie_internal_hip: Application clock frequency is 125 Mhz 
Warning: amm_master_qsys_with_pcie.pcie_ip.pcie_internal_hip.app_msi_ack: Interface has no signals
Warning: amm_master_qsys_with_pcie.pcie_ip.pcie_internal_hip.app_msi_num: Interface has no signals
Warning: amm_master_qsys_with_pcie.pcie_ip.pcie_internal_hip.app_msi_req: Interface has no signals
Warning: amm_master_qsys_with_pcie.pcie_ip.pcie_internal_hip.test_out_export: Interface has no signals
Info: amm_master_qsys_with_pcie.pcie_ip.altgx_internal: Family: Cyclone IV GX
Info: amm_master_qsys_with_pcie.pcie_ip.altgx_internal: Lanes: 1
Warning: amm_master_qsys_with_pcie.pcie_ip.pcie_internal_hip: pcie_internal_hip.pcie_core_clk cannot be both connected and exported
Warning: amm_master_qsys_with_pcie.pcie_ip.pcie_internal_hip: pcie_internal_hip.app_msi_ack must be exported, or connected to a matching conduit.
Warning: amm_master_qsys_with_pcie.pcie_ip.pcie_internal_hip: pcie_internal_hip.rc_rx_analogreset must be exported, or connected to a matching conduit.
Warning: amm_master_qsys_with_pcie.pcie_ip.pcie_internal_hip: pcie_internal_hip.rc_rx_digitalreset must be exported, or connected to a matching conduit.
Warning: amm_master_qsys_with_pcie.pcie_ip.pcie_internal_hip: pcie_internal_hip.app_msi_num must be exported, or connected to a matching conduit.
Warning: amm_master_qsys_with_pcie.pcie_ip.pcie_internal_hip: pcie_internal_hip.app_msi_req must be exported, or connected to a matching conduit.
Warning: amm_master_qsys_with_pcie.pcie_ip.pcie_internal_hip: pcie_internal_hip.msi_interface_export must be exported, or connected to a matching conduit.
Warning: amm_master_qsys_with_pcie.pcie_ip.pcie_internal_hip: pcie_internal_hip.tx_deemph_0 must be exported, or connected to a matching conduit.
Warning: amm_master_qsys_with_pcie.pcie_ip.pcie_internal_hip: pcie_internal_hip.tx_margin_0 must be exported, or connected to a matching conduit.
Warning: amm_master_qsys_with_pcie.pcie_ip.pcie_internal_hip: pcie_internal_hip.test_out_export must be exported, or connected to a matching conduit.
Warning: amm_master_qsys_with_pcie.pcie_ip.pipe_interface_internal: pipe_interface_internal.pll_powerdown_pcs must be exported, or connected to a matching conduit.
Warning: amm_master_qsys_with_pcie.pcie_ip.pipe_interface_internal: pipe_interface_internal.rateswitch_pcs must be exported, or connected to a matching conduit.
Warning: amm_master_qsys_with_pcie.pcie_ip.pipe_interface_internal: pipe_interface_internal.rateswitchbaseclock_pcs must be exported, or connected to a matching conduit.
Warning: amm_master_qsys_with_pcie.pcie_ip.refclk_conduit: refclk_conduit.conduit_out_2 must be exported, or connected to a matching conduit.
Warning: amm_master_qsys_with_pcie.pcie_ip.refclk_conduit: refclk_conduit.conduit_out_3 must be exported, or connected to a matching conduit.
Warning: amm_master_qsys_with_pcie.pcie_ip.refclk_conduit: refclk_conduit.conduit_out_4 must be exported, or connected to a matching conduit.
Warning: amm_master_qsys_with_pcie.pcie_ip.refclk_conduit: refclk_conduit.conduit_out_5 must be exported, or connected to a matching conduit.
Warning: amm_master_qsys_with_pcie.pcie_ip.refclk_conduit: refclk_conduit.conduit_out_6 must be exported, or connected to a matching conduit.
Warning: amm_master_qsys_with_pcie.pcie_ip.refclk_conduit: refclk_conduit.conduit_out_7 must be exported, or connected to a matching conduit.
Warning: amm_master_qsys_with_pcie.pcie_ip.refclk_conduit: refclk_conduit.conduit_out_8 must be exported, or connected to a matching conduit.
Warning: amm_master_qsys_with_pcie.pcie_ip.refclk_conduit: refclk_conduit.conduit_out_9 must be exported, or connected to a matching conduit.
Warning: amm_master_qsys_with_pcie.pcie_ip.reset_controller_internal: reset_controller_internal.reset_n_out cannot be both connected and exported
Info: amm_master_qsys_with_pcie.video_rgb_resampler_0: RGB Resampling: 8 (bits) x 3 (planes) -> 10 (bits) x 3 (planes)
Info: amm_master_qsys_with_pcie.video_vga_controller_0: Video Output Stream: Format: 640 x 480 with Color: 10 (bits) x 3 (planes) converted to 8 (bits) per color plane
Warning: amm_master_qsys_with_pcie.altpll_qsys: altpll_qsys.areset_conduit must be exported, or connected to a matching conduit.
Warning: amm_master_qsys_with_pcie.altpll_qsys: altpll_qsys.locked_conduit must be exported, or connected to a matching conduit.
Warning: amm_master_qsys_with_pcie.altpll_qsys: altpll_qsys.phasedone_conduit must be exported, or connected to a matching conduit.
Warning: amm_master_qsys_with_pcie.pcie_ip: Interrupt sender pcie_ip.cra_irq is not connected to an interrupt receiver
Warning: amm_master_qsys_with_pcie.video_pixel_buffer_dma_0: video_pixel_buffer_dma_0.avalon_control_slave must be connected to an Avalon-MM master
Info: qsys-generate succeeded.
Info: Stopping: Create block symbol file (.bsf)
